[00:16:19.357] [INFO]: Loading config: tags
[00:16:19.362] [INFO]: Loading config: placeholders
[00:16:19.365] [INFO]: Loading config: duplicates
[00:16:19.373] [INFO]: Loading config: debug
[00:16:19.387] [WARN]: The following tags are invalid or not in use and will be ignored: [forge:ores/netherite, forge:plates/signalum, forge:plates/netherite, forge:gears/electrum, forge:ingots/elementium, forge:wires/cinnabar, forge:storage_blocks/raw_elementium, forge:raw_materials/sapphire, forge:ingots/mithril, forge:gems/sulfur, forge:nuggets/sulfur, forge:ingots/graphite, forge:raw_materials/enderium, forge:ores/sulfur, forge:ingots/coal, forge:wires/gold, forge:storage_blocks/raw_sulfur, forge:plates/coal_coke, forge:nuggets/aeternium, forge:gears/peridot, forge:nuggets/bitumen, forge:wires/bronze, forge:wires/obsidian, forge:raw_materials/fluorite, forge:ores/potassium_nitrate, forge:gems/brass, forge:ores/coal_coke, forge:storage_blocks/amber, forge:dusts/zinc, forge:storage_blocks/raw_peridot, forge:wires/mithril, forge:storage_blocks/raw_graphite, forge:gems/tungsten, forge:gems/lead, forge:ores/zinc, forge:gears/zinc, forge:dusts/cinnabar, forge:dusts/chrome, forge:wires/chrome, forge:wires/invar, forge:ores/apatite, forge:ores/peridot, forge:nuggets/sapphire, forge:gears/uranium, forge:raw_materials/sulfur, forge:ingots/lapis, forge:rods/chrome, forge:gears/sapphire, forge:gears/elementium, forge:storage_blocks/cobalt, forge:nuggets/brass, forge:wires/tin, forge:ores/enderium, forge:gems/copper, forge:storage_blocks/raw_zinc, forge:storage_blocks/raw_aeternium, forge:rods/mithril, forge:storage_blocks/raw_bronze, forge:ingots/charcoal, forge:rods/amber, forge:wires/nickel, forge:gears/silver, forge:dusts/lumium, forge:gears/iridium, forge:gems/bronze, forge:rods/apatite, forge:plates/potassium_nitrate, forge:storage_blocks/raw_emerald, forge:gears/fluorite, forge:raw_materials/coal, forge:storage_blocks/raw_apatite, forge:dusts/amber, forge:gems/uranium, forge:nuggets/fluorite, forge:storage_blocks/raw_signalum, forge:rods/signalum, forge:gems/signalum, forge:gears/osmium, forge:wires/lumium, forge:gears/lead, forge:gems/platinum, forge:ores/electrum, forge:ores/invar, forge:gems/coal, forge:ingots/zinc, forge:wires/cobalt, forge:gems/netherite, forge:gears/bitumen, forge:wires/brass, forge:gems/chrome, forge:rods/lumium, forge:rods/elementium, forge:storage_blocks/graphite, forge:raw_materials/elementium, forge:dusts/bitumen, forge:raw_materials/lapis, forge:raw_materials/apatite, forge:plates/cinnabar, forge:storage_blocks/raw_chrome, forge:dusts/graphite, forge:storage_blocks/signalum, forge:storage_blocks/raw_fluorite, forge:storage_blocks/mithril, forge:gems/iron, forge:ingots/emerald, forge:ingots/aeternium, forge:storage_blocks/potassium_nitrate, forge:ingots/apatite, forge:raw_materials/constantan, forge:gems/peridot, forge:wires/amber, forge:ingots/lumium, forge:ores/signalum, forge:wires/iron, forge:storage_blocks/raw_sapphire, forge:nuggets/amber, forge:gems/graphite, forge:rods/brass, forge:gems/coal_coke, forge:gems/potassium_nitrate, forge:raw_materials/graphite, forge:rods/electrum, forge:wires/sulfur, forge:gears/diamond, forge:gems/aluminum, forge:plates/brass, forge:storage_blocks/raw_charcoal, forge:gears/obsidian, forge:raw_materials/chrome, forge:storage_blocks/bitumen, forge:ores/sapphire, forge:ores/obsidian, forge:rods/constantan, forge:nuggets/mithril, forge:rods/nickel, forge:plates/sulfur, forge:ores/aeternium, forge:rods/charcoal, forge:storage_blocks/lumium, forge:gems/tin, forge:rods/aeternium, forge:wires/graphite, forge:dusts/cobalt, forge:wires/bitumen, forge:gears/brass, forge:ores/brass, forge:gems/cinnabar, forge:gems/cobalt, forge:storage_blocks/raw_potassium_nitrate, forge:gems/apatite, forge:rods/zinc, forge:rods/lapis, forge:wires/lapis, forge:wires/elementium, forge:wires/aeternium, forge:rods/iridium, forge:storage_blocks/cinnabar, forge:nuggets/lapis, forge:storage_blocks/enderium, forge:ingots/peridot, forge:wires/potassium_nitrate, forge:raw_materials/invar, forge:nuggets/cinnabar, forge:ingots/amber, forge:raw_materials/emerald, forge:gears/mithril, forge:gears/coal_coke, forge:wires/tungsten, forge:nuggets/enderium, forge:nuggets/diamond, forge:rods/osmium, forge:raw_materials/bronze, forge:gems/zinc, forge:ores/charcoal, forge:raw_materials/zinc, forge:plates/graphite, forge:rods/obsidian, forge:storage_blocks/chrome, forge:raw_materials/brass, forge:storage_blocks/raw_obsidian, forge:nuggets/zinc, forge:wires/constantan, forge:storage_blocks/raw_netherite, forge:nuggets/coal, forge:storage_blocks/raw_cobalt, forge:gears/nickel, forge:raw_materials/peridot, forge:rods/lead, forge:raw_materials/steel, forge:wires/silver, forge:storage_blocks/raw_coal_coke, forge:raw_materials/lumium, forge:raw_materials/amber, forge:gears/constantan, forge:gears/signalum, forge:raw_materials/netherite, forge:ingots/potassium_nitrate, forge:wires/charcoal, forge:gears/graphite, forge:storage_blocks/raw_constantan, forge:gems/osmium, forge:rods/peridot, forge:rods/sapphire, forge:raw_materials/cobalt, forge:ores/lumium, forge:dusts/brass, forge:rods/potassium_nitrate, forge:ingots/brass, forge:gems/enderium, forge:gears/lapis, forge:gears/platinum, forge:wires/platinum, forge:gems/sapphire, forge:ores/amber, forge:rods/fluorite, forge:gears/chrome, forge:nuggets/signalum, forge:dusts/elementium, forge:ores/cobalt, forge:plates/cobalt, forge:storage_blocks/raw_electrum, forge:rods/silver, forge:nuggets/elementium, forge:plates/lumium, forge:raw_materials/coal_coke, forge:ores/mithril, forge:plates/bitumen, forge:storage_blocks/raw_bitumen, forge:storage_blocks/sapphire, forge:gears/netherite, forge:wires/zinc, forge:storage_blocks/raw_invar, forge:wires/iridium, forge:gems/lumium, forge:gears/charcoal, forge:plates/ruby, forge:rods/coal, forge:nuggets/lumium, forge:plates/chrome, forge:gears/coal, forge:ingots/cinnabar, forge:nuggets/ruby, forge:dusts/sapphire, forge:wires/netherite, forge:gears/tungsten, forge:nuggets/charcoal, forge:ores/bitumen, forge:plates/aeternium, forge:nuggets/peridot, forge:ores/cinnabar, forge:gems/invar, forge:ores/steel, forge:nuggets/apatite, forge:ingots/chrome, forge:ores/ruby, forge:plates/enderium, forge:storage_blocks/raw_lumium, forge:gears/lumium, forge:wires/diamond, forge:storage_blocks/raw_mithril, forge:plates/mithril, forge:rods/platinum, forge:rods/emerald, forge:storage_blocks/brass, forge:ingots/obsidian, forge:nuggets/graphite, forge:wires/osmium, forge:gems/iridium, forge:dusts/potassium_nitrate, forge:dusts/mithril, forge:wires/enderium, forge:gears/amber, forge:rods/bitumen, forge:gems/silver, forge:ingots/diamond, forge:gems/steel, forge:ingots/fluorite, forge:rods/ruby, forge:wires/ruby, forge:gears/potassium_nitrate, forge:rods/graphite, forge:raw_materials/obsidian, forge:storage_blocks/raw_brass, forge:wires/emerald, forge:storage_blocks/elementium, forge:dusts/aeternium, forge:plates/coal, forge:rods/coal_coke, forge:dusts/signalum, forge:storage_blocks/zinc, forge:gems/elementium, forge:ores/chrome, forge:nuggets/chrome, forge:raw_materials/cinnabar, forge:storage_blocks/raw_ruby, forge:rods/cobalt, forge:gears/apatite, forge:ingots/coal_coke, forge:gems/nickel, forge:nuggets/potassium_nitrate, forge:dusts/apatite, forge:ingots/cobalt, forge:wires/uranium, forge:gems/charcoal, forge:gems/ruby, forge:gears/sulfur, forge:ingots/enderium, forge:raw_materials/ruby, forge:wires/signalum, forge:dusts/enderium, forge:plates/obsidian, forge:raw_materials/charcoal, forge:raw_materials/aeternium, forge:ores/elementium, forge:storage_blocks/raw_diamond, forge:nuggets/emerald, forge:ingots/bitumen, forge:gems/aeternium, forge:raw_materials/diamond, forge:gems/electrum, forge:ingots/sapphire, forge:plates/apatite, forge:plates/amber, forge:raw_materials/electrum, forge:wires/coal, forge:rods/cinnabar, forge:wires/peridot, forge:gems/mithril, forge:rods/diamond, forge:gems/constantan, forge:gems/gold, forge:nuggets/obsidian, forge:plates/elementium, forge:rods/sulfur, forge:raw_materials/potassium_nitrate, forge:storage_blocks/aeternium, forge:storage_blocks/raw_amber, forge:ores/constantan, forge:plates/fluorite, forge:storage_blocks/raw_enderium, forge:storage_blocks/raw_lapis, forge:plates/sapphire, forge:storage_blocks/apatite, forge:rods/enderium, forge:wires/apatite, forge:storage_blocks/raw_coal, forge:ores/bronze, forge:storage_blocks/peridot, forge:storage_blocks/raw_cinnabar, forge:nuggets/coal_coke, forge:ingots/sulfur, forge:ingots/ruby, forge:plates/osmium, forge:wires/coal_coke, forge:storage_blocks/raw_steel, forge:gears/emerald, forge:plates/charcoal, forge:dusts/peridot, forge:gems/amber, forge:raw_materials/mithril, forge:ores/graphite, forge:ingots/signalum, forge:plates/zinc, forge:gears/aeternium, forge:raw_materials/bitumen, forge:nuggets/cobalt, forge:gears/cobalt, forge:gears/enderium, forge:gears/ruby, forge:raw_materials/signalum, forge:plates/peridot, forge:gears/cinnabar, forge:wires/fluorite, forge:gems/bitumen, forge:gems/obsidian, forge:wires/sapphire]
[00:16:19.497] [INFO]: [AutoHiding] Hiding 2/3 items for tag '#forge:storage_blocks/raw_lead' -> [immersiveengineering:raw_block_lead, mekanism:block_raw_lead]
[00:16:19.497] [INFO]: [AutoHiding] Hiding 2/3 items for tag '#forge:storage_blocks/uranium' -> [mekanism:block_uranium, immersiveengineering:storage_uranium]
[00:16:19.497] [INFO]: [AutoHiding] Hiding 1/2 items for tag '#forge:nuggets/copper' -> [pneumaticcraft:copper_nugget]
[00:16:19.498] [INFO]: [AutoHiding] Hiding 1/2 items for tag '#forge:storage_blocks/nickel' -> [immersiveengineering:storage_nickel]
[00:16:19.498] [INFO]: [AutoHiding] Hiding 1/2 items for tag '#forge:dusts/netherite' -> [extended_industrialization:netherite_dust]
[00:16:19.498] [INFO]: [AutoHiding] Hiding 2/3 items for tag '#forge:storage_blocks/lead' -> [immersiveengineering:storage_lead, mekanism:block_lead]
[00:16:19.498] [INFO]: [AutoHiding] Hiding 1/2 items for tag '#forge:storage_blocks/raw_silver' -> [immersiveengineering:raw_block_silver]
[00:16:19.498] [INFO]: [AutoHiding] Hiding 2/3 items for tag '#forge:storage_blocks/raw_uranium' -> [mekanism:block_raw_uranium, immersiveengineering:raw_block_uranium]
[00:16:19.499] [INFO]: [AutoHiding] Hiding 2/4 items for tag '#forge:ores/iron' -> [undergarden:depthrock_iron_ore, undergarden:shiverstone_iron_ore]
[00:16:19.499] [INFO]: [AutoHiding] Hiding 1/2 items for tag '#forge:storage_blocks/aluminum' -> [immersiveengineering:storage_aluminum]
[00:16:19.499] [INFO]: [AutoHiding] Hiding 2/4 items for tag '#forge:ores/coal' -> [undergarden:depthrock_coal_ore, undergarden:shiverstone_coal_ore]
[00:16:19.499] [INFO]: [AutoHiding] Hiding 1/2 items for tag '#forge:storage_blocks/electrum' -> [immersiveengineering:storage_electrum]
[00:16:19.500] [INFO]: [AutoHiding] Hiding 1/2 items for tag '#forge:storage_blocks/raw_tin' -> [mekanism:block_raw_tin]
[00:16:19.500] [INFO]: [AutoHiding] Hiding 1/2 items for tag '#forge:storage_blocks/raw_nickel' -> [immersiveengineering:raw_block_nickel]
[00:16:19.500] [INFO]: [AutoHiding] Hiding 2/3 items for tag '#forge:storage_blocks/steel' -> [mekanism:block_steel, immersiveengineering:storage_steel]
[00:16:19.500] [INFO]: [AutoHiding] Hiding 2/4 items for tag '#forge:ores/diamond' -> [undergarden:depthrock_diamond_ore, undergarden:shiverstone_diamond_ore]
[00:16:19.500] [INFO]: [AutoHiding] Hiding 1/2 items for tag '#forge:storage_blocks/bronze' -> [mekanism:block_bronze]
[00:16:19.500] [INFO]: [AutoHiding] Hiding 1/2 items for tag '#forge:storage_blocks/tin' -> [mekanism:block_tin]
[00:16:19.500] [INFO]: [AutoHiding] Hiding 1/2 items for tag '#forge:storage_blocks/silver' -> [immersiveengineering:storage_silver]
[00:16:19.501] [INFO]: [AutoHiding] Hiding 1/4 items for tag '#forge:ores/gold' -> [undergarden:depthrock_gold_ore]
[00:16:24.772] [WARN]: Recipe count: 23908
[00:16:24.773] [ERROR]: Could not detect recipe type
java.lang.IllegalArgumentException: Could not detect recipe type
	at com.almostreliable.unified.recipe.RecipeLink.<init>(RecipeLink.java:29) ~[almostunified-neoforge-1.20.4-0.7.2.jar%23382!/:?]
	at com.almostreliable.unified.recipe.RecipeTransformer.lambda$groupRecipesByType$8(RecipeTransformer.java:131) ~[almostunified-neoforge-1.20.4-0.7.2.jar%23382!/:?]
	at java.util.stream.ReferencePipeline$3$1.accept(ReferencePipeline.java:197) ~[?:?]
	at java.util.HashMap$EntrySpliterator.forEachRemaining(HashMap.java:1858) ~[?:?]
	at java.util.stream.AbstractPipeline.copyInto(AbstractPipeline.java:509) ~[?:?]
	at java.util.stream.AbstractPipeline.wrapAndCopyInto(AbstractPipeline.java:499) ~[?:?]
	at java.util.stream.ReduceOps$ReduceOp.evaluateSequential(ReduceOps.java:921) ~[?:?]
	at java.util.stream.AbstractPipeline.evaluate(AbstractPipeline.java:234) ~[?:?]
	at java.util.stream.ReferencePipeline.collect(ReferencePipeline.java:682) ~[?:?]
	at com.almostreliable.unified.recipe.RecipeTransformer.groupRecipesByType(RecipeTransformer.java:133) ~[almostunified-neoforge-1.20.4-0.7.2.jar%23382!/:?]
	at com.almostreliable.unified.recipe.RecipeTransformer.transformRecipes(RecipeTransformer.java:55) ~[almostunified-neoforge-1.20.4-0.7.2.jar%23382!/:?]
	at com.almostreliable.unified.impl.AlmostUnifiedRuntimeImpl.run(AlmostUnifiedRuntimeImpl.java:46) ~[almostunified-neoforge-1.20.4-0.7.2.jar%23382!/:?]
	at com.almostreliable.unified.AlmostUnified.onRecipeManagerReload(AlmostUnified.java:168) ~[almostunified-neoforge-1.20.4-0.7.2.jar%23382!/:?]
	at net.minecraft.world.item.crafting.RecipeManager.handler$zlb000$almostunified$runTransformation(RecipeManager.java:1523) ~[server-1.20.4-20231207.154220-srg.jar%23630!/:?]
	at net.minecraft.world.item.crafting.RecipeManager.apply(RecipeManager.java) ~[server-1.20.4-20231207.154220-srg.jar%23630!/:?]
	at net.minecraft.world.item.crafting.RecipeManager.apply(RecipeManager.java:36) ~[server-1.20.4-20231207.154220-srg.jar%23630!/:?]
	at net.minecraft.server.packs.resources.SimplePreparableReloadListener.lambda$reload$1(SimplePreparableReloadListener.java:19) ~[server-1.20.4-20231207.154220-srg.jar%23630!/:?]
	at java.util.concurrent.CompletableFuture$UniAccept.tryFire(CompletableFuture.java:718) ~[?:?]
	at java.util.concurrent.CompletableFuture$Completion.run(CompletableFuture.java:482) ~[?:?]
	at net.minecraft.server.packs.resources.SimpleReloadInstance.lambda$new$3(SimpleReloadInstance.java:69) ~[server-1.20.4-20231207.154220-srg.jar%23630!/:?]
	at net.minecraft.Util.blockUntilDone(Util.java:784) ~[server-1.20.4-20231207.154220-srg.jar%23630!/:?]
	at net.minecraft.Util.blockUntilDone(Util.java:773) ~[server-1.20.4-20231207.154220-srg.jar%23630!/:?]
	at net.minecraft.server.Main.main(Main.java:192) ~[server-1.20.4-20231207.154220-srg.jar%23630!/:?]
	at jdk.internal.reflect.DirectMethodHandleAccessor.invoke(DirectMethodHandleAccessor.java:103) ~[?:?]
	at java.lang.reflect.Method.invoke(Method.java:580) ~[?:?]
	at net.neoforged.fml.loading.targets.CommonLaunchHandler.runTarget(CommonLaunchHandler.java:136) ~[loader-2.0.17.jar%2362!/:2.0]
	at net.neoforged.fml.loading.targets.CommonLaunchHandler.serverService(CommonLaunchHandler.java:128) ~[loader-2.0.17.jar%2362!/:2.0]
	at net.neoforged.fml.loading.targets.CommonServerLaunchHandler.runService(CommonServerLaunchHandler.java:26) ~[loader-2.0.17.jar%2362!/:2.0]
	at net.neoforged.fml.loading.targets.CommonLaunchHandler.lambda$launchService$4(CommonLaunchHandler.java:118) ~[loader-2.0.17.jar%2362!/:2.0]
	at cpw.mods.modlauncher.LaunchServiceHandlerDecorator.launch(LaunchServiceHandlerDecorator.java:30) ~[modlauncher-10.0.9.jar%2365!/:?]
	at cpw.mods.modlauncher.LaunchServiceHandler.launch(LaunchServiceHandler.java:53) ~[modlauncher-10.0.9.jar%2365!/:?]
	at cpw.mods.modlauncher.LaunchServiceHandler.launch(LaunchServiceHandler.java:71) ~[modlauncher-10.0.9.jar%2365!/:?]
	at cpw.mods.modlauncher.Launcher.run(Launcher.java:108) ~[modlauncher-10.0.9.jar%2365!/:?]
	at cpw.mods.modlauncher.Launcher.main(Launcher.java:78) ~[modlauncher-10.0.9.jar%2365!/:?]
	at cpw.mods.modlauncher.BootstrapLaunchConsumer.accept(BootstrapLaunchConsumer.java:26) ~[modlauncher-10.0.9.jar%2365!/:?]
	at cpw.mods.modlauncher.BootstrapLaunchConsumer.accept(BootstrapLaunchConsumer.java:23) ~[modlauncher-10.0.9.jar%2365!/:?]
	at cpw.mods.bootstraplauncher.BootstrapLauncher.main(BootstrapLauncher.java:141) ~[bootstraplauncher-1.1.2.jar:?]
	at jdk.internal.reflect.DirectMethodHandleAccessor.invoke(DirectMethodHandleAccessor.java:103) ~[?:?]
	at java.lang.reflect.Method.invoke(Method.java:580) ~[?:?]
	at net.neoforged.serverstarterjar.Main.mainLaunch(Main.java:266) ~[?:?]
	at net.neoforged.serverstarterjar.Main.main(Main.java:70) ~[?:?]
	at jdk.internal.reflect.DirectMethodHandleAccessor.invoke(DirectMethodHandleAccessor.java:103) ~[?:?]
	at java.lang.reflect.Method.invoke(Method.java:580) ~[?:?]
	at net.neoforged.serverstarterjar.Main8.main(Main8.java:19) ~[?:?]
